<?xml version="1.0" encoding="UTF-8"?>
<!-- Generated by org.testng.reporters.JUnitXMLReporter -->
<testsuite ignored="0" hostname="DESKTOP-FR930K3" failures="0" tests="4" name="Default test" time="8.128" errors="0" timestamp="2024-12-23T09:58:21 ICT">
  <testcase classname="api.test.PetTest2" name="testPostPet" time="3.209"/>
  <testcase classname="api.test.PetTest2" name="testGetPetByPetID" time="1.364"/>
  <testcase classname="api.test.PetTest2" name="testUpdatePetByPetID" time="1.335"/>
  <testcase classname="api.test.PetTest2" name="testDeletePetByPetID" time="1.345"/>
</testsuite> <!-- Default test -->
