<?xml version="1.0" encoding="UTF-8"?>
<!-- Generated by org.testng.reporters.JUnitXMLReporter -->
<testsuite ignored="0" hostname="DESKTOP-FR930K3" failures="0" tests="4" name="Test" time="7.651" errors="0" timestamp="2024-12-23T09:43:05 ICT">
  <testcase classname="api.test.PetTest" name="testPostPet" time="2.949"/>
  <testcase classname="api.test.PetTest" name="testGetPetByPetID" time="1.301"/>
  <testcase classname="api.test.PetTest" name="testUpdatePetByPetID" time="1.268"/>
  <testcase classname="api.test.PetTest" name="testDeletePetByPetID" time="1.265"/>
</testsuite> <!-- Test -->
