<?xml version="1.0" encoding="UTF-8"?>
<!-- Generated by org.testng.reporters.JUnitXMLReporter -->
<testsuite ignored="0" hostname="DESKTOP-FR930K3" failures="0" tests="4" name="Test" time="8.439" errors="0" timestamp="2024-12-23T10:07:45 ICT">
  <testcase classname="api.test.PetTest" name="testPostPet" time="3.353"/>
  <testcase classname="api.test.PetTest" name="testGetPetByPetID" time="1.352"/>
  <testcase classname="api.test.PetTest" name="testUpdatePetByPetID" time="1.308"/>
  <testcase classname="api.test.PetTest" name="testDeletePetByPetID" time="1.315"/>
</testsuite> <!-- Test -->
