<?xml version="1.0" encoding="UTF-8"?>
<testng-results ignored="0" total="4" passed="4" failed="0" skipped="0">
  <reporter-output>
  </reporter-output>
  <suite started-at="2024-12-23T10:07:36 ICT" name="Suite" finished-at="2024-12-23T10:07:45 ICT" duration-ms="8439">
    <groups>
    </groups>
    <test started-at="2024-12-23T10:07:36 ICT" name="Test" finished-at="2024-12-23T10:07:45 ICT" duration-ms="8439">
      <class name="api.test.PetTest">
        <test-method is-config="true" signature="setupData()[pri:0, instance:api.test.PetTest@121314f7]" started-at="2024-12-23T10:07:36 ICT" name="setupData" finished-at="2024-12-23T10:07:37 ICT" duration-ms="792" status="PASS">
          <reporter-output>
          </reporter-output>
        </test-method> <!-- setupData -->
        <test-method signature="testPostPet()[pri:1, instance:api.test.PetTest@121314f7]" started-at="2024-12-23T10:07:37 ICT" name="testPostPet" finished-at="2024-12-23T10:07:41 ICT" duration-ms="3353" status="PASS">
          <reporter-output>
          </reporter-output>
        </test-method> <!-- testPostPet -->
        <test-method signature="testGetPetByPetID()[pri:2, instance:api.test.PetTest@121314f7]" started-at="2024-12-23T10:07:41 ICT" name="testGetPetByPetID" finished-at="2024-12-23T10:07:42 ICT" duration-ms="1352" status="PASS">
          <reporter-output>
          </reporter-output>
        </test-method> <!-- testGetPetByPetID -->
        <test-method signature="testUpdatePetByPetID()[pri:3, instance:api.test.PetTest@121314f7]" started-at="2024-12-23T10:07:42 ICT" name="testUpdatePetByPetID" finished-at="2024-12-23T10:07:43 ICT" duration-ms="1308" status="PASS">
          <reporter-output>
          </reporter-output>
        </test-method> <!-- testUpdatePetByPetID -->
        <test-method signature="testDeletePetByPetID()[pri:4, instance:api.test.PetTest@121314f7]" started-at="2024-12-23T10:07:43 ICT" name="testDeletePetByPetID" finished-at="2024-12-23T10:07:45 ICT" duration-ms="1315" status="PASS">
          <reporter-output>
          </reporter-output>
        </test-method> <!-- testDeletePetByPetID -->
      </class> <!-- api.test.PetTest -->
    </test> <!-- Test -->
  </suite> <!-- Suite -->
</testng-results>
