<?xml version="1.0" encoding="UTF-8"?>
<testng-results ignored="0" total="4" passed="4" failed="0" skipped="0">
  <reporter-output>
  </reporter-output>
  <suite started-at="2024-12-23T09:58:13 ICT" name="Default suite" finished-at="2024-12-23T09:58:21 ICT" duration-ms="8128">
    <groups>
    </groups>
    <test started-at="2024-12-23T09:58:13 ICT" name="Default test" finished-at="2024-12-23T09:58:21 ICT" duration-ms="8128">
      <class name="api.test.PetTest2">
        <test-method is-config="true" signature="setupData()[pri:0, instance:api.test.PetTest2@2af004b]" started-at="2024-12-23T09:58:13 ICT" name="setupData" finished-at="2024-12-23T09:58:14 ICT" duration-ms="809" status="PASS">
          <reporter-output>
          </reporter-output>
        </test-method> <!-- setupData -->
        <test-method signature="testPostPet()[pri:1, instance:api.test.PetTest2@2af004b]" started-at="2024-12-23T09:58:14 ICT" name="testPostPet" finished-at="2024-12-23T09:58:17 ICT" duration-ms="3209" status="PASS">
          <reporter-output>
          </reporter-output>
        </test-method> <!-- testPostPet -->
        <test-method signature="testGetPetByPetID()[pri:2, instance:api.test.PetTest2@2af004b]" started-at="2024-12-23T09:58:17 ICT" name="testGetPetByPetID" finished-at="2024-12-23T09:58:18 ICT" duration-ms="1364" status="PASS">
          <reporter-output>
          </reporter-output>
        </test-method> <!-- testGetPetByPetID -->
        <test-method signature="testUpdatePetByPetID()[pri:3, instance:api.test.PetTest2@2af004b]" started-at="2024-12-23T09:58:18 ICT" name="testUpdatePetByPetID" finished-at="2024-12-23T09:58:19 ICT" duration-ms="1335" status="PASS">
          <reporter-output>
          </reporter-output>
        </test-method> <!-- testUpdatePetByPetID -->
        <test-method signature="testDeletePetByPetID()[pri:4, instance:api.test.PetTest2@2af004b]" started-at="2024-12-23T09:58:19 ICT" name="testDeletePetByPetID" finished-at="2024-12-23T09:58:21 ICT" duration-ms="1345" status="PASS">
          <reporter-output>
          </reporter-output>
        </test-method> <!-- testDeletePetByPetID -->
      </class> <!-- api.test.PetTest2 -->
    </test> <!-- Default test -->
  </suite> <!-- Default suite -->
</testng-results>
